<?xml version="1.0" encoding="UTF-8"?>
<!-- Generated by org.testng.reporters.JUnitReportReporter -->
<testsuite hostname="Ramling" failures="0" tests="1" name="com.qa.utility.TestNG_Engine" time="26.702" errors="0" timestamp="2022-10-17T00:20:15 IST" skipped="0">
  <testcase classname="com.qa.utility.TestNG_Engine" name="TestGun" time="26.702"/>
  <system-out/>
</testsuite> <!-- com.qa.utility.TestNG_Engine -->
