<?xml version="1.0" encoding="UTF-8"?>
<!-- Generated by org.testng.reporters.JUnitReportReporter -->
<testsuite hostname="Ramling" failures="0" tests="1" name="com.qa.test.TC_003" time="0.404" errors="0" timestamp="2022-10-17T00:20:15 IST" skipped="0">
  <testcase classname="com.qa.test.TC_003" name="method1" time="0.404"/>
  <system-out/>
</testsuite> <!-- com.qa.test.TC_003 -->
