<?xml version="1.0" encoding="UTF-8"?>
<!-- Generated by org.testng.reporters.JUnitReportReporter -->
<testsuite hostname="Ramling" failures="0" tests="1" name="com.qa.utility.TestNG_Engine" time="2.489" errors="0" timestamp="16 Oct 2022 18:15:47 GMT" skipped="0">
  <testcase classname="com.qa.utility.TestNG_Engine" name="TestGun" time="2.489"/>
</testsuite> <!-- com.qa.utility.TestNG_Engine -->
